\BOOKMARK [1][]{bookmark_mucluc.1}{\376\377\000M\036\344\000C\000\040\000L\036\344\000C}{}% 1
\BOOKMARK [1][]{bookmark_figures.1}{\376\377\000D\000A\000N\000H\000\040\000M\036\344\000C\000\040\000H\000\314\000N\000H\000\040\036\242\000N\000H}{}% 2
\BOOKMARK [1][]{bookmark_tables.1}{\376\377\000D\000A\000N\000H\000\040\000M\036\344\000C\000\040\000B\036\242\000N\000G\000\040\000B\000I\036\302\000U}{}% 3
\BOOKMARK [1][]{bookmark_abbreviations.1}{\376\377\000D\000A\000N\000H\000\040\000M\036\344\000C\000\040\000T\036\352\000\040\000V\000I\036\276\000T\000\040\000T\036\256\000T}{}% 4
\BOOKMARK [1][]{section*.2}{\376\377\000T\000\323\000M\000\040\000T\036\256\000T}{}% 5
\BOOKMARK [1][]{section.1}{\376\377\000T\036\324\000N\000G\000\040\000Q\000U\000A\000N\000\040\000T\000\314\000N\000H\000\040\000H\000\314\000N\000H\000\040\000N\000G\000H\000I\000\312\000N\000\040\000C\036\350\000U}{}% 6
\BOOKMARK [2][]{subsection.1.1}{\376\377\000T\000h\036\361\000c\000\040\000t\000r\036\241\000n\000g\000\040\000c\000h\000\341\000y\000\040\000n\036\325\000\040\000v\000\340\000\040\000a\000n\000\040\000t\000o\000\340\000n\000\040\000l\000\355\000n\000h\000\040\000c\036\351\000u\000\040\000h\036\317\000a}{section.1}% 7
\BOOKMARK [2][]{subsection.1.2}{\376\377\000T\000\355\000n\000h\000\040\000c\036\245\000p\000\040\000t\000h\000i\036\277\000t\000\040\000c\036\347\000a\000\040\000h\036\307\000\040\000t\000h\036\321\000n\000g\000\040\000g\000i\000\341\000m\000\040\000s\000\341\000t\000\040\000h\000o\036\241\000t\000\040\001\021\036\331\000n\000g\000\040\000t\000h\036\335\000i\000\040\000g\000i\000a\000n\000\040\000t\000h\036\361\000c}{section.1}% 8
\BOOKMARK [2][]{subsection.1.3}{\376\377\000T\036\325\000n\000g\000\040\000q\000u\000a\000n\000\040\000n\000g\000h\000i\000\352\000n\000\040\000c\036\351\000u\000\040\000n\000h\036\255\000n\000\040\000d\036\241\000n\000g\000\040\000h\000o\036\241\000t\000\040\001\021\036\331\000n\000g\000\040\000c\000o\000n\000\040\000n\000g\001\260\036\335\000i}{section.1}% 9
\BOOKMARK [3][]{subsubsection.1.3.1}{\376\377\000P\000h\000\342\000n\000\040\000l\000o\036\241\000i\000\040\000p\000h\001\260\001\241\000n\000g\000\040\000p\000h\000\341\000p\000\040\000n\000h\036\255\000n\000\040\000d\036\241\000n\000g\000\040\000h\000o\036\241\000t\000\040\001\021\036\331\000n\000g}{subsection.1.3}% 10
\BOOKMARK [3][]{subsubsection.1.3.2}{\376\377\000H\036\315\000c\000\040\000m\000\341\000y\000\040\000t\000r\000u\000y\036\301\000n\000\040\000t\000h\036\321\000n\000g\000\040\000t\000r\000o\000n\000g\000\040\000n\000h\036\255\000n\000\040\000d\036\241\000n\000g\000\040\000h\000o\036\241\000t\000\040\001\021\036\331\000n\000g}{subsection.1.3}% 11
\BOOKMARK [3][]{subsubsection.1.3.3}{\376\377\000H\036\315\000c\000\040\000s\000\342\000u\000\040\000t\000r\000o\000n\000g\000\040\000n\000h\036\255\000n\000\040\000d\036\241\000n\000g\000\040\000h\000o\036\241\000t\000\040\001\021\036\331\000n\000g}{subsection.1.3}% 12
\BOOKMARK [2][]{subsection.1.4}{\376\377\000T\036\325\000n\000g\000\040\000q\000u\000a\000n\000\040\000n\000g\000h\000i\000\352\000n\000\040\000c\036\351\000u\000\040\000n\000h\036\255\000n\000\040\000d\036\241\000n\000g\000\040\000h\000o\036\241\000t\000\040\001\021\036\331\000n\000g\000\040\000l\000\355\000n\000h\000\040\000c\036\351\000u\000\040\000h\036\317\000a}{section.1}% 13
\BOOKMARK [2][]{subsection.1.5}{\376\377\000T\000i\000n\000y\000M\000L\000\040\000v\000\340\000\040\000t\000r\000i\036\303\000n\000\040\000k\000h\000a\000i\000\040\000m\000\364\000\040\000h\000\354\000n\000h\000\040\000t\000r\000\352\000n\000\040\000t\000h\000i\036\277\000t\000\040\000b\036\313\000\040\000b\000i\000\352\000n}{section.1}% 14
\BOOKMARK [2][]{subsection.1.6}{\376\377\000M\036\345\000c\000\040\000t\000i\000\352\000u\000,\000\040\000p\000h\036\241\000m\000\040\000v\000i\000\040\000v\000\340\000\040\001\021\000\363\000n\000g\000\040\000g\000\363\000p\000\040\000c\036\347\000a\000\040\001\021\036\301\000\040\000t\000\340\000i}{section.1}% 15
\BOOKMARK [1][]{section.2}{\376\377\000V\036\254\000T\000\040\000L\000I\036\306\000U\000\040\000V\000\300\000\040\000P\000H\001\257\001\240\000N\000G\000\040\000P\000H\000\301\000P}{}% 16
\BOOKMARK [2][]{subsection.2.1}{\376\377\000K\000i\036\277\000n\000\040\000t\000r\000\372\000c\000\040\000h\036\307\000\040\000t\000h\036\321\000n\000g\000\040\000R\000F\000A\000R\000\040\001\021\036\301\000\040\000x\000u\036\245\000t}{section.2}% 17
\BOOKMARK [3][]{subsubsection.2.1.1}{\376\377\000T\036\325\000n\000g\000\040\000q\000u\000a\000n\000\040\000h\036\307\000\040\000t\000h\036\321\000n\000g}{subsection.2.1}% 18
\BOOKMARK [3][]{subsubsection.2.1.2}{\376\377\000C\036\245\000u\000\040\000h\000\354\000n\000h\000\040\000p\000h\036\247\000n\000\040\000c\036\351\000n\000g}{subsection.2.1}% 19
\BOOKMARK [2][]{subsection.2.2}{\376\377\000X\000\342\000y\000\040\000d\036\361\000n\000g\000\040\000c\001\241\000\040\000s\036\337\000\040\000d\036\357\000\040\000l\000i\036\307\000u}{section.2}% 20
\BOOKMARK [3][]{subsubsection.2.2.1}{\376\377\000T\036\255\000p\000\040\000d\036\357\000\040\000l\000i\036\307\000u\000\040\000r\000i\000\352\000n\000g}{subsection.2.2}% 21
\BOOKMARK [3][]{subsubsection.2.2.2}{\376\377\000C\000\341\000c\000\040\000t\036\255\000p\000\040\000d\036\357\000\040\000l\000i\036\307\000u\000\040\000c\000\364\000n\000g\000\040\000k\000h\000a\000i}{subsection.2.2}% 22
\BOOKMARK [2][]{subsection.2.3}{\376\377\000Q\000u\000y\000\040\000t\000r\000\354\000n\000h\000\040\000x\036\355\000\040\000l\000\375\000\040\000d\036\357\000\040\000l\000i\036\307\000u}{section.2}% 23
\BOOKMARK [3][]{subsubsection.2.3.1}{\376\377\000G\000i\036\243\000m\000\040\000t\036\247\000n\000\040\000s\036\321\000\040\000l\036\245\000y\000\040\000m\036\253\000u}{subsection.2.3}% 24
\BOOKMARK [3][]{subsubsection.2.3.2}{\376\377\000P\000h\000\342\000n\000\040\001\021\000o\036\241\000n\000\040\000t\000\355\000n\000\040\000h\000i\036\307\000u\000\040\000b\036\261\000n\000g\000\040\000c\036\355\000a\000\040\000s\036\325\000\040\000t\000r\001\260\036\343\000t}{subsection.2.3}% 25
\BOOKMARK [3][]{subsubsection.2.3.3}{\376\377\000P\000i\000p\000e\000l\000i\000n\000e\000\040\000p\000h\000\341\000t\000\040\000h\000i\036\307\000n\000\040\000n\000g\000\343\000\040\000m\036\333\000i}{subsection.2.3}% 26
\BOOKMARK [4][]{paragraph.2.3.3.1}{\376\377\000B\001\260\036\333\000c\000\040\0001\000:\000\040\000P\000h\000\341\000t\000\040\000h\000i\036\307\000n\000\040\000c\000h\036\311\000\040\000s\036\321\000\040\000b\036\245\000t\000\040\000t\000h\001\260\036\335\000n\000g}{subsubsection.2.3.3}% 27
\BOOKMARK [4][]{paragraph.2.3.3.2}{\376\377\000B\001\260\036\333\000c\000\040\0002\000:\000\040\000T\000h\000u\000\040\000t\000h\036\255\000p\000\040\000d\036\357\000\040\000l\000i\036\307\000u\000\040\000x\000u\000n\000g\000\040\000q\000u\000a\000n\000h\000\040\000s\036\361\000\040\000k\000i\036\307\000n\000\040\000b\036\245\000t\000\040\000t\000h\001\260\036\335\000n\000g}{subsubsection.2.3.3}% 28
\BOOKMARK [4][]{paragraph.2.3.3.3}{\376\377\000B\001\260\036\333\000c\000\040\0003\000:\000\040\000P\000h\000\342\000n\000\040\000t\000\355\000c\000h\000\040\000v\000\340\000\040\000p\000h\000\342\000n\000\040\000l\000o\036\241\000i}{subsubsection.2.3.3}% 29
\BOOKMARK [3][]{subsubsection.2.3.4}{\376\377\000G\000\341\000n\000\040\000n\000h\000\343\000n\000\040\000d\036\357\000\040\000l\000i\036\307\000u}{subsection.2.3}% 30
\BOOKMARK [2][]{subsection.2.4}{\376\377\000T\000r\000\355\000c\000h\000\040\000x\000u\036\245\000t\000\040\001\021\036\267\000c\000\040\000t\000r\001\260\000n\000g}{section.2}% 31
\BOOKMARK [3][]{subsubsection.2.4.1}{\376\377\000L\036\361\000a\000\040\000c\000h\036\315\000n\000\040\001\021\036\267\000c\000\040\000t\000r\001\260\000n\000g\000\040\000m\000i\036\301\000n\000\040\000t\000h\036\335\000i\000\040\000g\000i\000a\000n}{subsection.2.4}% 32
\BOOKMARK [3][]{subsubsection.2.4.2}{\376\377\000T\036\255\000p\000\040\001\021\036\267\000c\000\040\000t\000r\001\260\000n\000g\000\040\000t\036\321\000i\000\040\001\260\000u}{subsection.2.4}% 33
\BOOKMARK [2][]{subsection.2.5}{\376\377\000T\036\321\000i\000\040\001\260\000u\000\040\000h\000\363\000a\000\040\000m\000\364\000\040\000h\000\354\000n\000h\000\040\000R\000a\000n\000d\000o\000m\000\040\000F\000o\000r\000e\000s\000t\000\040\000t\000r\000\352\000n\000\040\000v\000i\000\040\001\021\000i\036\301\000u\000\040\000k\000h\000i\036\303\000n}{section.2}% 34
\BOOKMARK [3][]{subsubsection.2.5.1}{\376\377\000B\000\340\000i\000\040\000t\000o\000\341\000n\000\040\000t\036\321\000i\000\040\001\260\000u\000\040\000h\000\363\000a\000\040\000s\000i\000\352\000u\000\040\000t\000h\000a\000m\000\040\000s\036\321}{subsection.2.5}% 35
\BOOKMARK [3][]{subsubsection.2.5.2}{\376\377\000K\036\277\000t\000\040\000q\000u\036\243\000\040\000t\036\321\000i\000\040\001\260\000u\000\040\000h\000\363\000a}{subsection.2.5}% 36
\BOOKMARK [3][]{subsubsection.2.5.3}{\376\377\000T\000r\000i\036\303\000n\000\040\000k\000h\000a\000i\000\040\000T\000i\000n\000y\000M\000L\000\040\000t\000r\000\352\000n\000\040\000v\000i\000\040\001\021\000i\036\301\000u\000\040\000k\000h\000i\036\303\000n\000\040\000E\000S\000P\0003\0002}{subsection.2.5}% 37
\BOOKMARK [1][]{section.3}{\376\377\000K\036\276\000T\000\040\000Q\000U\036\242\000\040\000V\000\300\000\040\000T\000H\036\242\000O\000\040\000L\000U\036\254\000N}{}% 38
\BOOKMARK [2][]{subsection.3.1}{\376\377\000P\000h\001\260\001\241\000n\000g\000\040\000p\000h\000\341\000p\000\040\001\021\000\341\000n\000h\000\040\000g\000i\000\341}{section.3}% 39
\BOOKMARK [2][]{subsection.3.2}{\376\377\000K\036\277\000t\000\040\000q\000u\036\243\000\040\000t\000r\000\352\000n\000\040\000t\036\255\000p\000\040\000d\036\357\000\040\000l\000i\036\307\000u\000\040\000r\000i\000\352\000n\000g}{section.3}% 40
\BOOKMARK [3][]{subsubsection.3.2.1}{\376\377\000S\000o\000\040\000s\000\341\000n\000h\000\040\000c\000\341\000c\000\040\000m\000\364\000\040\000h\000\354\000n\000h\000\040\000h\036\315\000c\000\040\000m\000\341\000y}{subsection.3.2}% 41
\BOOKMARK [3][]{subsubsection.3.2.2}{\376\377\000P\000h\000\342\000n\000\040\000t\000\355\000c\000h\000\040\000m\000a\000\040\000t\000r\036\255\000n\000\040\000n\000h\036\247\000m\000\040\000l\036\253\000n}{subsection.3.2}% 42
\BOOKMARK [2][]{subsection.3.3}{\376\377\000T\000h\036\361\000c\000\040\000n\000g\000h\000i\036\307\000m\000\040\000t\000h\036\335\000i\000\040\000g\000i\000a\000n\000\040\000t\000h\036\361\000c}{section.3}% 43
\BOOKMARK [3][]{subsubsection.3.3.1}{\376\377\000T\000h\000i\036\277\000t\000\040\000l\036\255\000p\000\040\000t\000h\036\361\000c\000\040\000n\000g\000h\000i\036\307\000m}{subsection.3.3}% 44
\BOOKMARK [3][]{subsubsection.3.3.2}{\376\377\000K\036\277\000t\000\040\000q\000u\036\243\000\040\000t\000h\036\361\000c\000\040\000n\000g\000h\000i\036\307\000m\000\040\000t\000h\036\335\000i\000\040\000g\000i\000a\000n\000\040\000t\000h\036\361\000c}{subsection.3.3}% 45
\BOOKMARK [2][]{subsection.3.4}{\376\377\000K\036\277\000t\000\040\000q\000u\036\243\000\040\000t\000r\000\352\000n\000\040\000c\000\341\000c\000\040\000t\036\255\000p\000\040\000d\036\357\000\040\000l\000i\036\307\000u\000\040\000c\000\364\000n\000g\000\040\000k\000h\000a\000i}{section.3}% 46
\BOOKMARK [2][]{subsection.3.5}{\376\377\000S\000o\000\040\000s\000\341\000n\000h\000\040\000v\036\333\000i\000\040\000c\000\341\000c\000\040\000n\000g\000h\000i\000\352\000n\000\040\000c\036\351\000u\000\040\000l\000i\000\352\000n\000\040\000q\000u\000a\000n}{section.3}% 47
\BOOKMARK [3][]{subsubsection.3.5.1}{\376\377\000S\000o\000\040\000s\000\341\000n\000h\000\040\000t\000r\000\352\000n\000\040\000U\000n\000i\000M\000i\000B\000-\000S\000H\000A\000R}{subsection.3.5}% 48
\BOOKMARK [3][]{subsubsection.3.5.2}{\376\377\000S\000o\000\040\000s\000\341\000n\000h\000\040\000p\000h\000\341\000t\000\040\000h\000i\036\307\000n\000\040\000n\000g\000\343\000\040\000c\000h\000o\000\040\000l\000\355\000n\000h\000\040\000c\036\351\000u\000\040\000h\036\317\000a}{subsection.3.5}% 49
\BOOKMARK [2][]{subsection.3.6}{\376\377\000P\000h\000\342\000n\000\040\000t\000\355\000c\000h\000\040\000t\000h\000a\000m\000\040\000s\036\321\000\040\000v\000\340\000\040\001\021\036\267\000c\000\040\000t\000r\001\260\000n\000g}{section.3}% 50
\BOOKMARK [3][]{subsubsection.3.6.1}{\376\377\036\242\000n\000h\000\040\000h\001\260\036\337\000n\000g\000\040\000c\036\347\000a\000\040\000k\000\355\000c\000h\000\040\000t\000h\001\260\036\333\000c\000\040\000c\036\355\000a\000\040\000s\036\325\000\040\000v\000\340\000\040\000t\036\247\000n\000\040\000s\036\321\000\040\000l\036\245\000y\000\040\000m\036\253\000u}{subsection.3.6}% 51
\BOOKMARK [3][]{subsubsection.3.6.2}{\376\377\000P\000h\000\342\000n\000\040\000t\000\355\000c\000h\000\040\001\021\000\363\000n\000g\000\040\000g\000\363\000p\000\040\000c\036\347\000a\000\040\000t\036\353\000n\000g\000\040\000l\000o\036\241\000i\000\040\001\021\036\267\000c\000\040\000t\000r\001\260\000n\000g}{subsection.3.6}% 52
\BOOKMARK [2][]{subsection.3.7}{\376\377\000H\036\241\000n\000\040\000c\000h\036\277\000\040\000h\000i\036\307\000n\000\040\000t\036\241\000i\000\040\000v\000\340\000\040\000h\001\260\036\333\000n\000g\000\040\000p\000h\000\341\000t\000\040\000t\000r\000i\036\303\000n}{section.3}% 53
\BOOKMARK [3][]{subsubsection.3.7.1}{\376\377\000H\036\241\000n\000\040\000c\000h\036\277\000\040\001\021\000\343\000\040\000x\000\341\000c\000\040\001\021\036\313\000n\000h}{subsection.3.7}% 54
\BOOKMARK [3][]{subsubsection.3.7.2}{\376\377\001\020\036\313\000n\000h\000\040\000h\001\260\036\333\000n\000g\000\040\000n\000g\000h\000i\000\352\000n\000\040\000c\036\351\000u\000\040\000t\000i\036\277\000p\000\040\000t\000h\000e\000o}{subsection.3.7}% 55
\BOOKMARK [1][]{section*.23}{\376\377\000K\036\276\000T\000\040\000L\000U\036\254\000N\000\040\000V\000\300\000\040\000K\000I\036\276\000N\000\040\000N\000G\000H\036\312}{}% 56
\BOOKMARK [1][]{section*.24}{\376\377\000T\000\300\000I\000\040\000L\000I\036\306\000U\000\040\000T\000H\000A\000M\000\040\000K\000H\036\242\000O}{}% 57
